1aig_match_2hg3 11.461
1aik_match_2z2t 0.000
1ava_match_2iwt 10.719
1azs_match_2gvz 18.872
1bk5_match_2c1t 5.158
1c48_match_1dm0 0.000
1c8o_match_1m93 2.895
1cow_match_2jj1 3.969
1f93_match_1dcp 8.691
1ffv_match_1ffu 4.327
1fl7_match_1xwd 9.270
1gpq_match_1zv5 0.000
1hcf_match_1b8m 5.263
1hl6_match_1rk8 0.000
1kmi_match_1udr 0.000
1l2w_match_1k6z 0.000
1n13_match_2qqc 10.987
1nen_match_2acz 6.031
1nez_match_2atp 20.201
1nh2_match_1ytf 15.225
1ntm_match_1be3 7.759
1pcz_match_1ais 15.725
1po1_match_1ar6 14.409
1qbk_match_2ot8 5.115
1qcb_match_1tii 17.705
1quq_match_1l1o 26.975
1qvo_match_1ao7 0.000
1r0r_match_1cse 2.172
1sr4_match_2f2f 4.232
1suy_match_1q6b 0.000
1th1_match_2gl7 1.467
1tqe_match_1n6j 15.345
1u3a_match_2hi7 0.000
1v55_match_2dyr 47.264
1wqj_match_2dsq 11.583
1xox_match_2qfa 10.650
1zaw_match_1zav 0.000
1zlh_match_4cpa 12.660
2a06_match_1ppj 15.660
2a5y_match_1ty4 11.307
2avy_match_2i2u 7.182
2b5i_match_3ink 13.841
2bkr_match_2nvu 7.627
2ckh_match_2iy0 3.169
2dqn_match_2df4 16.216
2dyp_match_1exu 0.000
2e76_match_2d2c 4.076
2fkw_match_1nkz 13.900
2h1o_match_2bsq 2.884
2j3r_match_2j3w 3.632
2qqk_match_2hfg 0.000
2vp7_match_2dx8 0.000
2z5b_match_2z5c 5.350
3b6f_match_1p3g 0.000
3b6f_match_2hue 20.725
3b9j_match_1fiq 0.000
3ch5_match_1rrp 6.859
